[2023-02-07 14:05:45] local.ERROR: Class "DOMDocument" not found {"exception":"[object] (Error(code: 0): Class \"DOMDocument\" not found at /home/sergi/OneDrive/2DAW/proyecto/assaig-api/vendor/symfony/console/Descriptor/XmlDescriptor.php:84)
[stacktrace]
#0 /home/sergi/OneDrive/2DAW/proyecto/assaig-api/vendor/symfony/console/Descriptor/XmlDescriptor.php(145): Symfony\\Component\\Console\\Descriptor\\XmlDescriptor->getApplicationDocument()
#1 /home/sergi/OneDrive/2DAW/proyecto/assaig-api/vendor/symfony/console/Descriptor/Descriptor.php(43): Symfony\\Component\\Console\\Descriptor\\XmlDescriptor->describeApplication()
#2 /home/sergi/OneDrive/2DAW/proyecto/assaig-api/vendor/symfony/console/Helper/DescriptorHelper.php(65): Symfony\\Component\\Console\\Descriptor\\Descriptor->describe()
#3 /home/sergi/OneDrive/2DAW/proyecto/assaig-api/vendor/symfony/console/Command/ListCommand.php(67): Symfony\\Component\\Console\\Helper\\DescriptorHelper->describe()
#4 /home/sergi/OneDrive/2DAW/proyecto/assaig-api/vendor/symfony/console/Command/Command.php(312): Symfony\\Component\\Console\\Command\\ListCommand->execute()
#5 /home/sergi/OneDrive/2DAW/proyecto/assaig-api/vendor/symfony/console/Application.php(1022): Symfony\\Component\\Console\\Command\\Command->run()
#6 /home/sergi/OneDrive/2DAW/proyecto/assaig-api/vendor/symfony/console/Application.php(314): Symfony\\Component\\Console\\Application->doRunCommand()
#7 /home/sergi/OneDrive/2DAW/proyecto/assaig-api/vendor/symfony/console/Application.php(168): Symfony\\Component\\Console\\Application->doRun()
#8 /home/sergi/OneDrive/2DAW/proyecto/assaig-api/vendor/laravel/framework/src/Illuminate/Console/Application.php(102): Symfony\\Component\\Console\\Application->run()
#9 /home/sergi/OneDrive/2DAW/proyecto/assaig-api/vendor/laravel/framework/src/Illuminate/Foundation/Console/Kernel.php(155): Illuminate\\Console\\Application->run()
#10 /home/sergi/OneDrive/2DAW/proyecto/assaig-api/artisan(35): Illuminate\\Foundation\\Console\\Kernel->handle()
#11 {main}
"} 
[2023-02-07 17:13:37] local.ERROR: Class "DOMDocument" not found {"exception":"[object] (Error(code: 0): Class \"DOMDocument\" not found at /home/sergi/OneDrive/2DAW/proyecto/assaig-api/vendor/symfony/console/Descriptor/XmlDescriptor.php:84)
[stacktrace]
#0 /home/sergi/OneDrive/2DAW/proyecto/assaig-api/vendor/symfony/console/Descriptor/XmlDescriptor.php(145): Symfony\\Component\\Console\\Descriptor\\XmlDescriptor->getApplicationDocument()
#1 /home/sergi/OneDrive/2DAW/proyecto/assaig-api/vendor/symfony/console/Descriptor/Descriptor.php(43): Symfony\\Component\\Console\\Descriptor\\XmlDescriptor->describeApplication()
#2 /home/sergi/OneDrive/2DAW/proyecto/assaig-api/vendor/symfony/console/Helper/DescriptorHelper.php(65): Symfony\\Component\\Console\\Descriptor\\Descriptor->describe()
#3 /home/sergi/OneDrive/2DAW/proyecto/assaig-api/vendor/symfony/console/Command/ListCommand.php(67): Symfony\\Component\\Console\\Helper\\DescriptorHelper->describe()
#4 /home/sergi/OneDrive/2DAW/proyecto/assaig-api/vendor/symfony/console/Command/Command.php(312): Symfony\\Component\\Console\\Command\\ListCommand->execute()
#5 /home/sergi/OneDrive/2DAW/proyecto/assaig-api/vendor/symfony/console/Application.php(1022): Symfony\\Component\\Console\\Command\\Command->run()
#6 /home/sergi/OneDrive/2DAW/proyecto/assaig-api/vendor/symfony/console/Application.php(314): Symfony\\Component\\Console\\Application->doRunCommand()
#7 /home/sergi/OneDrive/2DAW/proyecto/assaig-api/vendor/symfony/console/Application.php(168): Symfony\\Component\\Console\\Application->doRun()
#8 /home/sergi/OneDrive/2DAW/proyecto/assaig-api/vendor/laravel/framework/src/Illuminate/Console/Application.php(102): Symfony\\Component\\Console\\Application->run()
#9 /home/sergi/OneDrive/2DAW/proyecto/assaig-api/vendor/laravel/framework/src/Illuminate/Foundation/Console/Kernel.php(155): Illuminate\\Console\\Application->run()
#10 /home/sergi/OneDrive/2DAW/proyecto/assaig-api/artisan(35): Illuminate\\Foundation\\Console\\Kernel->handle()
#11 {main}
"} 
